<?xml version="1.0" encoding="UTF-8"?>
<beans xmlns="http://www.springframework.org/schema/beans"
	xmlns:xsi="http://www.w3.org/2001/XMLSchema-instance"
	xsi:schemaLocation="
        http://www.springframework.org/schema/beans
        http://www.springframework.org/schema/beans/spring-beans-3.0.xsd"
	default-autowire="byName">

	<bean id="dataSource" class="org.apache.commons.dbcp.BasicDataSource">
		<property name="driverClassName" value="com.mysql.jdbc.Driver" />
		<property name="url" value="jdbc:mysql://localhost:3306/config_test" />
		<property name="username" value="root" />
		<property name="password" value="123456" />
	</bean>

	<bean id="transactionManager"
		class="org.springframework.jdbc.datasource.DataSourceTransactionManager">
		<property name="dataSource" ref="dataSource" />
	</bean>

	<bean id="sqlMapClient" class="org.springframework.orm.ibatis.SqlMapClientFactoryBean">
		<property name="configLocation">
			<value>sql-map-config.xml</value>
		</property>
		<property name="dataSource" ref="dataSource" />
	</bean>

	<bean id="sqlMapClientTemplate" class="org.springframework.orm.ibatis.SqlMapClientTemplate">
		<property name="dataSource" ref="dataSource" />
		<property name="sqlMapClient" ref="sqlMapClient" />
	</bean>

	<bean id="jdbcTemplate" class="org.springframework.jdbc.core.JdbcTemplate">
		<property name="dataSource" ref="dataSource" />
	</bean>

	<bean id="groupDao" class="com.jeex.userconfig.dao.ibatis.GroupDaoImpl" />
	<bean id="parameterDao" class="com.jeex.userconfig.dao.ibatis.ParameterDaoImpl" />
	<bean id="configService" class="com.jeex.userconfig.impl.ConfigServiceImpl" />
	<bean id="configManager" class="com.jeex.userconfig.impl.ConfigManagerImpl" />
	<!-- 
	<bean id="scheduledExecutorService" class="java.util.concurrent.Executors" 
		factory-method="newScheduledThreadPool" scope="prototype"> 
		<constructor-arg index="0" value="1"/> 
	</bean> 
	-->
	<bean id="scheduledExecutorService" class="org.jmock.lib.concurrent.DeterministicScheduler"/>
</beans>